<?xml version="1.0" encoding="UTF-8"?>
<coverage generated="1679381302995" clover="3.2.0">
  <project timestamp="1679381302995" name="All files">
    <metrics statements="27" coveredstatements="17" conditionals="2" coveredconditionals="0" methods="8" coveredmethods="4" elements="37" coveredelements="21" complexity="0" loc="27" ncloc="27" packages="3" files="5" classes="5"/>
    <package name="Atelier-FEC">
      <metrics statements="2" coveredstatements="2" conditionals="0" coveredconditionals="0" methods="1" coveredmethods="1"/>
      <file name="sum.js" path="/Users/masonisblue/Hackreactor/FEC/Atelier-FEC/sum.js">
        <metrics statements="2" coveredstatements="2" conditionals="0" coveredconditionals="0" methods="1" coveredmethods="1"/>
        <line num="2" count="1" type="stmt"/>
        <line num="4" count="1" type="stmt"/>
      </file>
    </package>
    <package name="Atelier-FEC.client.src.components.Related">
      <metrics statements="2" coveredstatements="2" conditionals="0" coveredconditionals="0" methods="1" coveredmethods="1"/>
      <file name="index.jsx" path="/Users/masonisblue/Hackreactor/FEC/Atelier-FEC/client/src/components/Related/index.jsx">
        <metrics statements="2" coveredstatements="2" conditionals="0" coveredconditionals="0" methods="1" coveredmethods="1"/>
        <line num="5" count="1" type="stmt"/>
        <line num="7" count="2" type="stmt"/>
      </file>
    </package>
    <package name="Atelier-FEC.client.src.components.Related.Carousel">
      <metrics statements="23" coveredstatements="13" conditionals="2" coveredconditionals="0" methods="6" coveredmethods="2"/>
      <file name="Button.jsx" path="/Users/masonisblue/Hackreactor/FEC/Atelier-FEC/client/src/components/Related/Carousel/Button.jsx">
        <metrics statements="2" coveredstatements="2" conditionals="0" coveredconditionals="0" methods="0" coveredmethods="0"/>
        <line num="4" count="1" type="stmt"/>
        <line num="15" count="1" type="stmt"/>
      </file>
      <file name="Card.jsx" path="/Users/masonisblue/Hackreactor/FEC/Atelier-FEC/client/src/components/Related/Carousel/Card.jsx">
        <metrics statements="3" coveredstatements="2" conditionals="0" coveredconditionals="0" methods="1" coveredmethods="0"/>
        <line num="4" count="1" type="stmt"/>
        <line num="6" count="0" type="stmt"/>
        <line num="12" count="1" type="stmt"/>
      </file>
      <file name="index.jsx" path="/Users/masonisblue/Hackreactor/FEC/Atelier-FEC/client/src/components/Related/Carousel/index.jsx">
        <metrics statements="18" coveredstatements="9" conditionals="2" coveredconditionals="0" methods="5" coveredmethods="2"/>
        <line num="6" count="1" type="stmt"/>
        <line num="8" count="1" type="stmt"/>
        <line num="16" count="1" type="stmt"/>
        <line num="24" count="1" type="stmt"/>
        <line num="39" count="1" type="stmt"/>
        <line num="40" count="0" type="stmt"/>
        <line num="41" count="0" type="stmt"/>
        <line num="44" count="1" type="stmt"/>
        <line num="45" count="0" type="stmt"/>
        <line num="46" count="0" type="stmt"/>
        <line num="47" count="0" type="stmt"/>
        <line num="48" count="0" type="stmt"/>
        <line num="49" count="0" type="cond" truecount="0" falsecount="2"/>
        <line num="50" count="0" type="stmt"/>
        <line num="59" count="1" type="stmt"/>
        <line num="61" count="2" type="stmt"/>
        <line num="63" count="0" type="stmt"/>
        <line num="67" count="14" type="stmt"/>
      </file>
    </package>
  </project>
</coverage>
