{"/Users/masonisblue/Hackreactor/FEC/Atelier-FEC/sum.js": {"path":"/Users/masonisblue/Hackreactor/FEC/Atelier-FEC/sum.js","statementMap":{"0":{"start":{"line":2,"column":2},"end":{"line":2,"column":15}},"1":{"start":{"line":4,"column":0},"end":{"line":4,"column":21}}},"fnMap":{"0":{"name":"sum","decl":{"start":{"line":1,"column":9},"end":{"line":1,"column":12}},"loc":{"start":{"line":1,"column":19},"end":{"line":3,"column":1}},"line":1}},"branchMap":{},"s":{"0":1,"1":1},"f":{"0":1},"b":{},"_coverageSchema":"1a1c01bbd47fc00a2c39e90264f33305004495a9","hash":"07968b6ec7ec3bb9b76813e06151276ad4906c8b"}
,"/Users/masonisblue/Hackreactor/FEC/Atelier-FEC/client/src/components/Related/index.jsx": {"path":"/Users/masonisblue/Hackreactor/FEC/Atelier-FEC/client/src/components/Related/index.jsx","statementMap":{"0":{"start":{"line":5,"column":16},"end":{"line":14,"column":1}},"1":{"start":{"line":7,"column":1},"end":{"line":12,"column":2}}},"fnMap":{"0":{"name":"(anonymous_0)","decl":{"start":{"line":5,"column":16},"end":{"line":5,"column":17}},"loc":{"start":{"line":5,"column":22},"end":{"line":14,"column":1}},"line":5}},"branchMap":{},"s":{"0":1,"1":2},"f":{"0":2},"b":{},"_coverageSchema":"1a1c01bbd47fc00a2c39e90264f33305004495a9","hash":"c56102c4f54c4cdc84a4f64321fb3eb3ae3a7eef"}
,"/Users/masonisblue/Hackreactor/FEC/Atelier-FEC/client/src/components/Related/Carousel/Button.jsx": {"path":"/Users/masonisblue/Hackreactor/FEC/Atelier-FEC/client/src/components/Related/Carousel/Button.jsx","statementMap":{"0":{"start":{"line":4,"column":22},"end":{"line":13,"column":1}},"1":{"start":{"line":15,"column":23},"end":{"line":17,"column":1}}},"fnMap":{},"branchMap":{},"s":{"0":1,"1":1},"f":{},"b":{},"_coverageSchema":"1a1c01bbd47fc00a2c39e90264f33305004495a9","hash":"8db9e056d5d89ab2f91b8278ee3194027db01364"}
,"/Users/masonisblue/Hackreactor/FEC/Atelier-FEC/client/src/components/Related/Carousel/Card.jsx": {"path":"/Users/masonisblue/Hackreactor/FEC/Atelier-FEC/client/src/components/Related/Carousel/Card.jsx","statementMap":{"0":{"start":{"line":4,"column":13},"end":{"line":10,"column":1}},"1":{"start":{"line":6,"column":2},"end":{"line":8,"column":8}},"2":{"start":{"line":12,"column":19},"end":{"line":18,"column":1}}},"fnMap":{"0":{"name":"(anonymous_0)","decl":{"start":{"line":4,"column":13},"end":{"line":4,"column":14}},"loc":{"start":{"line":6,"column":2},"end":{"line":8,"column":8}},"line":6}},"branchMap":{},"s":{"0":1,"1":0,"2":1},"f":{"0":0},"b":{},"_coverageSchema":"1a1c01bbd47fc00a2c39e90264f33305004495a9","hash":"ec103e5906934a54497d9dc16c1063ba46500d34"}
,"/Users/masonisblue/Hackreactor/FEC/Atelier-FEC/client/src/components/Related/Carousel/index.jsx": {"path":"/Users/masonisblue/Hackreactor/FEC/Atelier-FEC/client/src/components/Related/Carousel/index.jsx","statementMap":{"0":{"start":{"line":6,"column":16},"end":{"line":6,"column":37}},"1":{"start":{"line":8,"column":26},"end":{"line":14,"column":1}},"2":{"start":{"line":16,"column":22},"end":{"line":23,"column":1}},"3":{"start":{"line":24,"column":21},"end":{"line":37,"column":1}},"4":{"start":{"line":39,"column":20},"end":{"line":42,"column":1}},"5":{"start":{"line":40,"column":14},"end":{"line":40,"column":54}},"6":{"start":{"line":41,"column":1},"end":{"line":41,"column":23}},"7":{"start":{"line":44,"column":19},"end":{"line":52,"column":1}},"8":{"start":{"line":45,"column":14},"end":{"line":45,"column":54}},"9":{"start":{"line":46,"column":1},"end":{"line":46,"column":24}},"10":{"start":{"line":47,"column":16},"end":{"line":47,"column":24}},"11":{"start":{"line":48,"column":1},"end":{"line":48,"column":42}},"12":{"start":{"line":49,"column":1},"end":{"line":51,"column":2}},"13":{"start":{"line":50,"column":2},"end":{"line":50,"column":34}},"14":{"start":{"line":59,"column":17},"end":{"line":76,"column":1}},"15":{"start":{"line":61,"column":1},"end":{"line":74,"column":2}},"16":{"start":{"line":63,"column":35},"end":{"line":63,"column":48}},"17":{"start":{"line":67,"column":5},"end":{"line":69,"column":6}}},"fnMap":{"0":{"name":"(anonymous_0)","decl":{"start":{"line":39,"column":20},"end":{"line":39,"column":21}},"loc":{"start":{"line":39,"column":26},"end":{"line":42,"column":1}},"line":39},"1":{"name":"(anonymous_1)","decl":{"start":{"line":44,"column":19},"end":{"line":44,"column":20}},"loc":{"start":{"line":44,"column":26},"end":{"line":52,"column":1}},"line":44},"2":{"name":"(anonymous_2)","decl":{"start":{"line":59,"column":17},"end":{"line":59,"column":18}},"loc":{"start":{"line":59,"column":23},"end":{"line":76,"column":1}},"line":59},"3":{"name":"(anonymous_3)","decl":{"start":{"line":63,"column":27},"end":{"line":63,"column":28}},"loc":{"start":{"line":63,"column":34},"end":{"line":63,"column":49}},"line":63},"4":{"name":"(anonymous_4)","decl":{"start":{"line":66,"column":19},"end":{"line":66,"column":20}},"loc":{"start":{"line":66,"column":26},"end":{"line":69,"column":7}},"line":66}},"branchMap":{"0":{"loc":{"start":{"line":49,"column":1},"end":{"line":51,"column":2}},"type":"if","locations":[{"start":{"line":49,"column":1},"end":{"line":51,"column":2}},{"start":{},"end":{}}],"line":49}},"s":{"0":1,"1":1,"2":1,"3":1,"4":1,"5":0,"6":0,"7":1,"8":0,"9":0,"10":0,"11":0,"12":0,"13":0,"14":1,"15":2,"16":0,"17":14},"f":{"0":0,"1":0,"2":2,"3":0,"4":14},"b":{"0":[0,0]},"_coverageSchema":"1a1c01bbd47fc00a2c39e90264f33305004495a9","hash":"8d1443541447ea773c6f556276adf939634bd05b"}
}
